[2023-07-02 11:52:01,872] {c:\GitHub\TitanicData_ml_project_\src\components\data_injection.py:30} INFO - Enter the data ingection
[2023-07-02 11:52:01,895] {c:\GitHub\TitanicData_ml_project_\src\components\data_injection.py:35} INFO - read the train data PassengerId    0
Survived       0
Pclass         0
Name           0
Sex            0
Age            0
SibSp          0
Parch          0
Ticket         0
Fare           0
Cabin          0
Embarked       0
dtype: int64
[2023-07-02 11:52:01,911] {c:\GitHub\TitanicData_ml_project_\src\components\data_injection.py:39} INFO - Initialise train test split
[2023-07-02 11:52:01,921] {c:\GitHub\TitanicData_ml_project_\src\components\data_injection.py:45} INFO - Ingection of data is completed
[2023-07-02 11:52:01,947] {c:\github\titanicdata_ml_project_\src\components\data_transformation.py:70} INFO - tranin and test data successfully read 
[2023-07-02 11:52:01,947] {c:\github\titanicdata_ml_project_\src\components\data_transformation.py:52} INFO - start numerical transformation ['Pclass', 'Age', 'SibSp', 'Parch', 'Fare']
[2023-07-02 11:52:01,947] {c:\github\titanicdata_ml_project_\src\components\data_transformation.py:53} INFO - start categorial transformation ['Sex', 'Embarked']
[2023-07-02 11:52:01,947] {c:\github\titanicdata_ml_project_\src\components\data_transformation.py:74} INFO - preprocessor_obj successfully creat 
[2023-07-02 11:52:01,951] {c:\github\titanicdata_ml_project_\src\components\data_transformation.py:85} INFO - drop target,"Cabin","Name","Ticket"  successfuly
[2023-07-02 11:52:01,952] {c:\github\titanicdata_ml_project_\src\components\data_transformation.py:86} INFO - Index(['Pclass', 'Sex', 'Age', 'SibSp', 'Parch', 'Fare', 'Embarked'], dtype='object')
[2023-07-02 11:52:01,998] {c:\github\titanicdata_ml_project_\src\components\data_transformation.py:98} INFO - Saved preprocessing object.
[2023-07-02 11:52:01,998] {c:\GitHub\TitanicData_ml_project_\src\components\model_training.py:40} INFO - split training and test input data 
[2023-07-02 11:52:05,697] {c:\github\titanicdata_ml_project_\src\utils.py:45} INFO - model successfully tested
[2023-07-02 11:52:05,731] {c:\github\titanicdata_ml_project_\src\utils.py:45} INFO - model successfully tested
[2023-07-02 11:52:51,236] {c:\github\titanicdata_ml_project_\src\utils.py:45} INFO - model successfully tested
[2023-07-02 11:52:51,373] {c:\github\titanicdata_ml_project_\src\utils.py:45} INFO - model successfully tested
[2023-07-02 11:52:58,546] {c:\github\titanicdata_ml_project_\src\utils.py:45} INFO - model successfully tested
[2023-07-02 11:53:36,653] {c:\github\titanicdata_ml_project_\src\utils.py:45} INFO - model successfully tested
[2023-07-02 11:53:55,350] {c:\github\titanicdata_ml_project_\src\utils.py:45} INFO - model successfully tested
[2023-07-02 11:53:55,350] {c:\GitHub\TitanicData_ml_project_\src\components\model_training.py:106} INFO - -0.7947670605614823
[2023-07-02 11:53:55,350] {c:\GitHub\TitanicData_ml_project_\src\components\model_training.py:111} INFO - No any Best Model
[2023-07-02 11:53:55,350] {c:\GitHub\TitanicData_ml_project_\src\components\model_training.py:112} INFO - Best Model found on both training and test sets 
