[2023-07-02 10:54:04,045] {c:\GitHub\TitanicData_ml_project_\src\components\data_injection.py:30} INFO - Enter the data ingection
[2023-07-02 10:54:04,077] {c:\GitHub\TitanicData_ml_project_\src\components\data_injection.py:35} INFO - read the train data PassengerId    0
Survived       0
Pclass         0
Name           0
Sex            0
Age            0
SibSp          0
Parch          0
Ticket         0
Fare           0
Cabin          0
Embarked       0
dtype: int64
[2023-07-02 10:54:04,093] {c:\GitHub\TitanicData_ml_project_\src\components\data_injection.py:39} INFO - Initialise train test split
[2023-07-02 10:54:04,114] {c:\GitHub\TitanicData_ml_project_\src\components\data_injection.py:45} INFO - Ingection of data is completed
[2023-07-02 10:54:04,144] {c:\github\titanicdata_ml_project_\src\components\data_transformation.py:70} INFO - tranin and test data successfully read 
[2023-07-02 10:54:04,144] {c:\github\titanicdata_ml_project_\src\components\data_transformation.py:52} INFO - start numerical transformation ['Pclass', 'Age', 'SibSp', 'Parch', 'Fare']
[2023-07-02 10:54:04,144] {c:\github\titanicdata_ml_project_\src\components\data_transformation.py:53} INFO - start categorial transformation ['Sex', 'Embarked']
[2023-07-02 10:54:04,144] {c:\github\titanicdata_ml_project_\src\components\data_transformation.py:74} INFO - preprocessor_obj successfully creat 
[2023-07-02 10:54:04,144] {c:\github\titanicdata_ml_project_\src\components\data_transformation.py:85} INFO - drop target,"Cabin","Name","Ticket"  successfuly
[2023-07-02 10:54:04,144] {c:\github\titanicdata_ml_project_\src\components\data_transformation.py:86} INFO - Index(['Pclass', 'Sex', 'Age', 'SibSp', 'Parch', 'Fare', 'Embarked'], dtype='object')
[2023-07-02 10:54:04,200] {c:\github\titanicdata_ml_project_\src\components\data_transformation.py:98} INFO - Saved preprocessing object.
[2023-07-02 10:54:04,200] {c:\GitHub\TitanicData_ml_project_\src\components\model_training.py:39} INFO - split training and test input data 
[2023-07-02 10:54:04,625] {c:\github\titanicdata_ml_project_\src\utils.py:37} INFO - model successfully tested
[2023-07-02 10:54:04,626] {c:\github\titanicdata_ml_project_\src\utils.py:37} INFO - model successfully tested
[2023-07-02 10:54:04,826] {c:\github\titanicdata_ml_project_\src\utils.py:37} INFO - model successfully tested
[2023-07-02 10:54:04,905] {c:\github\titanicdata_ml_project_\src\utils.py:37} INFO - model successfully tested
[2023-07-02 10:54:04,911] {c:\github\titanicdata_ml_project_\src\utils.py:37} INFO - model successfully tested
[2023-07-02 10:54:05,065] {c:\github\titanicdata_ml_project_\src\utils.py:37} INFO - model successfully tested
[2023-07-02 10:54:07,091] {c:\github\titanicdata_ml_project_\src\utils.py:37} INFO - model successfully tested
[2023-07-02 10:54:07,266] {c:\github\titanicdata_ml_project_\src\utils.py:37} INFO - model successfully tested
[2023-07-02 10:54:07,266] {c:\GitHub\TitanicData_ml_project_\src\components\model_training.py:67} INFO - -0.18645215601147225
