[2023-07-02 09:18:08,433] {c:\GitHub\TitanicData_ml_project_\src\components\data_injection.py:30} INFO - Enter the data ingection
[2023-07-02 09:18:08,455] {c:\GitHub\TitanicData_ml_project_\src\components\data_injection.py:35} INFO - read the train data PassengerId      0
Survived         0
Pclass           0
Name             0
Sex              0
Age            177
SibSp            0
Parch            0
Ticket           0
Fare             0
Cabin          687
Embarked         2
dtype: int64
[2023-07-02 09:18:08,467] {c:\GitHub\TitanicData_ml_project_\src\components\data_injection.py:39} INFO - Initialise train test split
[2023-07-02 09:18:08,484] {c:\GitHub\TitanicData_ml_project_\src\components\data_injection.py:45} INFO - Ingection of data is completed
[2023-07-02 09:18:08,511] {c:\github\titanicdata_ml_project_\src\components\data_transformation.py:69} INFO - tranin and test data successfully read 
[2023-07-02 09:18:08,511] {c:\github\titanicdata_ml_project_\src\components\data_transformation.py:52} INFO - start numerical transformation ['Survived', 'Pclass', 'Age', 'SibSp', 'Parch', 'Fare']
[2023-07-02 09:18:08,512] {c:\github\titanicdata_ml_project_\src\components\data_transformation.py:53} INFO - start categorial transformation ['Sex', 'Embarked']
[2023-07-02 09:18:08,512] {c:\github\titanicdata_ml_project_\src\components\data_transformation.py:73} INFO - preprocessor_obj successfully creat 
